# JRE version: Java(TM) SE Runtime Environment (17.0.12+8) (build 17.0.12+8-LTS-286)
# Java VM: Java HotSpot(TM) 64-Bit Server VM (17.0.12+8-LTS-286, mixed mode, sharing, tiered, compressed oops, compressed class ptrs, g1 gc, windows-amd64)
GC Precious Log:
 CPUs: 8 total, 8 available
 Memory: 8035M
 Large Page Support: Disabled
 NUMA Support: Disabled
 Compressed Oops: Enabled (32-bit)
 Heap Region Size: 1M
 Heap Min Capacity: 8M
 Heap Initial Capacity: 126M
 Heap Max Capacity: 2010M
 Pre-touch: Disabled
 Parallel Workers: 8
 Concurrent Workers: 2
 Concurrent Refinement Workers: 8
 Periodic GC: Disabled
Heap:
 garbage-first heap   total 68608K, used 44444K [0x0000000082600000, 0x0000000100000000)
  region size 1024K, 23 young (23552K), 3 survivors (3072K)
 Metaspace       used 62479K, committed 63040K, reserved 1114112K
  class space    used 8686K, committed 8960K, reserved 1048576K
GC Heap History (20 events):
Event: 2.148 GC heap before
{Heap before GC invocations=2 (full 0):
 garbage-first heap   total 129024K, used 50383K [0x0000000082600000, 0x0000000100000000)
  region size 1024K, 44 young (45056K), 3 survivors (3072K)
 Metaspace       used 21172K, committed 21504K, reserved 1114112K
  class space    used 2662K, committed 2816K, reserved 1048576K
}
Event: 2.156 GC heap after
{Heap after GC invocations=3 (full 0):
 garbage-first heap   total 129024K, used 13754K [0x0000000082600000, 0x0000000100000000)
  region size 1024K, 6 young (6144K), 6 survivors (6144K)
 Metaspace       used 21172K, committed 21504K, reserved 1114112K
  class space    used 2662K, committed 2816K, reserved 1048576K
}
Event: 2.720 GC heap before
{Heap before GC invocations=4 (full 0):
 garbage-first heap   total 51200K, used 38330K [0x0000000082600000, 0x0000000100000000)
  region size 1024K, 30 young (30720K), 6 survivors (6144K)
 Metaspace       used 24929K, committed 25344K, reserved 1114112K
  class space    used 3170K, committed 3328K, reserved 1048576K
}
Event: 2.734 GC heap after
{Heap after GC invocations=5 (full 0):
 garbage-first heap   total 51200K, used 15976K [0x0000000082600000, 0x0000000100000000)
  region size 1024K, 3 young (3072K), 3 survivors (3072K)
 Metaspace       used 24929K, committed 25344K, reserved 1114112K
  class space    used 3170K, committed 3328K, reserved 1048576K
}
Event: 2.756 GC heap before
{Heap before GC invocations=5 (full 0):
 garbage-first heap   total 51200K, used 17000K [0x0000000082600000, 0x0000000100000000)
  region size 1024K, 4 young (4096K), 3 survivors (3072K)
 Metaspace       used 25134K, committed 25536K, reserved 1114112K
  class space    used 3206K, committed 3392K, reserved 1048576K
}
Event: 2.761 GC heap after
{Heap after GC invocations=6 (full 0):
 garbage-first heap   total 51200K, used 15895K [0x0000000082600000, 0x0000000100000000)
  region size 1024K, 1 young (1024K), 1 survivors (1024K)
 Metaspace       used 25134K, committed 25536K, reserved 1114112K
  class space    used 3206K, committed 3392K, reserved 1048576K
}
Event: 3.292 GC heap before
{Heap before GC invocations=6 (full 0):
 garbage-first heap   total 51200K, used 36375K [0x0000000082600000, 0x0000000100000000)
  region size 1024K, 21 young (21504K), 1 survivors (1024K)
 Metaspace       used 29858K, committed 30336K, reserved 1114112K
  class space    used 3832K, committed 4096K, reserved 1048576K
}
Event: 3.299 GC heap after
{Heap after GC invocations=7 (full 0):
 garbage-first heap   total 86016K, used 17559K [0x0000000082600000, 0x0000000100000000)
  region size 1024K, 3 young (3072K), 3 survivors (3072K)
 Metaspace       used 29858K, committed 30336K, reserved 1114112K
  class space    used 3832K, committed 4096K, reserved 1048576K
}
Event: 4.028 GC heap before
{Heap before GC invocations=7 (full 0):
 garbage-first heap   total 86016K, used 44183K [0x0000000082600000, 0x0000000100000000)
  region size 1024K, 30 young (30720K), 3 survivors (3072K)
 Metaspace       used 35489K, committed 35968K, reserved 1114112K
  class space    used 4778K, committed 4992K, reserved 1048576K
}
Event: 4.033 GC heap after
{Heap after GC invocations=8 (full 0):
 garbage-first heap   total 86016K, used 19456K [0x0000000082600000, 0x0000000100000000)
  region size 1024K, 4 young (4096K), 4 survivors (4096K)
 Metaspace       used 35489K, committed 35968K, reserved 1114112K
  class space    used 4778K, committed 4992K, reserved 1048576K
}
Event: 4.996 GC heap before
{Heap before GC invocations=9 (full 0):
 garbage-first heap   total 68608K, used 56320K [0x0000000082600000, 0x0000000100000000)
  region size 1024K, 40 young (40960K), 4 survivors (4096K)
 Metaspace       used 44933K, committed 45440K, reserved 1114112K
  class space    used 6194K, committed 6464K, reserved 1048576K
}
Event: 5.001 GC heap after
{Heap after GC invocations=10 (full 0):
 garbage-first heap   total 68608K, used 21910K [0x0000000082600000, 0x0000000100000000)
  region size 1024K, 5 young (5120K), 5 survivors (5120K)
 Metaspace       used 44933K, committed 45440K, reserved 1114112K
  class space    used 6194K, committed 6464K, reserved 1048576K
}
Event: 5.033 GC heap before
{Heap before GC invocations=10 (full 0):
 garbage-first heap   total 68608K, used 22934K [0x0000000082600000, 0x0000000100000000)
  region size 1024K, 6 young (6144K), 5 survivors (5120K)
 Metaspace       used 45248K, committed 45696K, reserved 1114112K
  class space    used 6224K, committed 6464K, reserved 1048576K
}
Event: 5.039 GC heap after
{Heap after GC invocations=11 (full 0):
 garbage-first heap   total 68608K, used 22112K [0x0000000082600000, 0x0000000100000000)
  region size 1024K, 1 young (1024K), 1 survivors (1024K)
 Metaspace       used 45248K, committed 45696K, reserved 1114112K
  class space    used 6224K, committed 6464K, reserved 1048576K
}
Event: 5.605 GC heap before
{Heap before GC invocations=11 (full 0):
 garbage-first heap   total 68608K, used 50784K [0x0000000082600000, 0x0000000100000000)
  region size 1024K, 30 young (30720K), 1 survivors (1024K)
 Metaspace       used 53393K, committed 53888K, reserved 1114112K
  class space    used 7352K, committed 7616K, reserved 1048576K
}
Event: 5.607 GC heap after
{Heap after GC invocations=12 (full 0):
 garbage-first heap   total 68608K, used 22954K [0x0000000082600000, 0x0000000100000000)
  region size 1024K, 2 young (2048K), 2 survivors (2048K)
 Metaspace       used 53393K, committed 53888K, reserved 1114112K
  class space    used 7352K, committed 7616K, reserved 1048576K
}
Event: 6.178 GC heap before
{Heap before GC invocations=12 (full 0):
 garbage-first heap   total 68608K, used 51626K [0x0000000082600000, 0x0000000100000000)
  region size 1024K, 31 young (31744K), 2 survivors (2048K)
 Metaspace       used 59447K, committed 60032K, reserved 1114112K
  class space    used 8255K, committed 8512K, reserved 1048576K
}
Event: 6.182 GC heap after
{Heap after GC invocations=13 (full 0):
 garbage-first heap   total 68608K, used 24376K [0x0000000082600000, 0x0000000100000000)
  region size 1024K, 3 young (3072K), 3 survivors (3072K)
 Metaspace       used 59447K, committed 60032K, reserved 1114112K
  class space    used 8255K, committed 8512K, reserved 1048576K
}
Event: 6.229 GC heap before
{Heap before GC invocations=13 (full 0):
 garbage-first heap   total 68608K, used 27448K [0x0000000082600000, 0x0000000100000000)
  region size 1024K, 7 young (7168K), 3 survivors (3072K)
 Metaspace       used 59593K, committed 60160K, reserved 1114112K
  class space    used 8273K, committed 8512K, reserved 1048576K
}
Event: 6.232 GC heap after
{Heap after GC invocations=14 (full 0):
 garbage-first heap   total 68608K, used 24988K [0x0000000082600000, 0x0000000100000000)
  region size 1024K, 3 young (3072K), 3 survivors (3072K)
 Metaspace       used 59593K, committed 60160K, reserved 1114112K
  class space    used 8273K, committed 8512K, reserved 1048576K
}

