# JRE version: Java(TM) SE Runtime Environment (17.0.12+8) (build 17.0.12+8-LTS-286)
# Java VM: Java HotSpot(TM) 64-Bit Server VM (17.0.12+8-LTS-286, mixed mode, sharing, tiered, compressed oops, compressed class ptrs, g1 gc, windows-amd64)
GC Precious Log:
 CPUs: 8 total, 8 available
 Memory: 8035M
 Large Page Support: Disabled
 NUMA Support: Disabled
 Compressed Oops: Enabled (32-bit)
 Heap Region Size: 1M
 Heap Min Capacity: 8M
 Heap Initial Capacity: 126M
 Heap Max Capacity: 2010M
 Pre-touch: Disabled
 Parallel Workers: 8
 Concurrent Workers: 2
 Concurrent Refinement Workers: 8
 Periodic GC: Disabled
Heap:
 garbage-first heap   total 51200K, used 35110K [0x0000000082600000, 0x0000000100000000)
  region size 1024K, 11 young (11264K), 3 survivors (3072K)
 Metaspace       used 63725K, committed 64320K, reserved 1114112K
  class space    used 8906K, committed 9216K, reserved 1048576K
GC Heap History (20 events):
Event: 6.066 GC heap before
{Heap before GC invocations=6 (full 0):
 garbage-first heap   total 51200K, used 35812K [0x0000000082600000, 0x0000000100000000)
  region size 1024K, 20 young (20480K), 1 survivors (1024K)
 Metaspace       used 29541K, committed 30016K, reserved 1114112K
  class space    used 3814K, committed 4032K, reserved 1048576K
}
Event: 6.073 GC heap after
{Heap after GC invocations=7 (full 0):
 garbage-first heap   total 51200K, used 17685K [0x0000000082600000, 0x0000000100000000)
  region size 1024K, 2 young (2048K), 2 survivors (2048K)
 Metaspace       used 29541K, committed 30016K, reserved 1114112K
  class space    used 3814K, committed 4032K, reserved 1048576K
}
Event: 6.934 GC heap before
{Heap before GC invocations=7 (full 0):
 garbage-first heap   total 51200K, used 37141K [0x0000000082600000, 0x0000000100000000)
  region size 1024K, 21 young (21504K), 2 survivors (2048K)
 Metaspace       used 33905K, committed 34368K, reserved 1114112K
  class space    used 4529K, committed 4736K, reserved 1048576K
}
Event: 6.939 GC heap after
{Heap after GC invocations=8 (full 0):
 garbage-first heap   total 51200K, used 18956K [0x0000000082600000, 0x0000000100000000)
  region size 1024K, 2 young (2048K), 2 survivors (2048K)
 Metaspace       used 33905K, committed 34368K, reserved 1114112K
  class space    used 4529K, committed 4736K, reserved 1048576K
}
Event: 7.265 GC heap before
{Heap before GC invocations=8 (full 0):
 garbage-first heap   total 51200K, used 28172K [0x0000000082600000, 0x0000000100000000)
  region size 1024K, 12 young (12288K), 2 survivors (2048K)
 Metaspace       used 35551K, committed 35968K, reserved 1114112K
  class space    used 4884K, committed 5120K, reserved 1048576K
}
Event: 7.269 GC heap after
{Heap after GC invocations=9 (full 0):
 garbage-first heap   total 51200K, used 19766K [0x0000000082600000, 0x0000000100000000)
  region size 1024K, 3 young (3072K), 3 survivors (3072K)
 Metaspace       used 35551K, committed 35968K, reserved 1114112K
  class space    used 4884K, committed 5120K, reserved 1048576K
}
Event: 8.107 GC heap before
{Heap before GC invocations=10 (full 0):
 garbage-first heap   total 51200K, used 37174K [0x0000000082600000, 0x0000000100000000)
  region size 1024K, 21 young (21504K), 3 survivors (3072K)
 Metaspace       used 40319K, committed 40768K, reserved 1114112K
  class space    used 5634K, committed 5824K, reserved 1048576K
}
Event: 8.112 GC heap after
{Heap after GC invocations=11 (full 0):
 garbage-first heap   total 51200K, used 20996K [0x0000000082600000, 0x0000000100000000)
  region size 1024K, 3 young (3072K), 3 survivors (3072K)
 Metaspace       used 40319K, committed 40768K, reserved 1114112K
  class space    used 5634K, committed 5824K, reserved 1048576K
}
Event: 8.903 GC heap before
{Heap before GC invocations=11 (full 0):
 garbage-first heap   total 51200K, used 38404K [0x0000000082600000, 0x0000000100000000)
  region size 1024K, 21 young (21504K), 3 survivors (3072K)
 Metaspace       used 45081K, committed 45568K, reserved 1114112K
  class space    used 6206K, committed 6464K, reserved 1048576K
}
Event: 8.908 GC heap after
{Heap after GC invocations=12 (full 0):
 garbage-first heap   total 51200K, used 22372K [0x0000000082600000, 0x0000000100000000)
  region size 1024K, 3 young (3072K), 3 survivors (3072K)
 Metaspace       used 45081K, committed 45568K, reserved 1114112K
  class space    used 6206K, committed 6464K, reserved 1048576K
}
Event: 9.417 GC heap before
{Heap before GC invocations=12 (full 0):
 garbage-first heap   total 51200K, used 38756K [0x0000000082600000, 0x0000000100000000)
  region size 1024K, 20 young (20480K), 3 survivors (3072K)
 Metaspace       used 50326K, committed 50816K, reserved 1114112K
  class space    used 6993K, committed 7232K, reserved 1048576K
}
Event: 9.421 GC heap after
{Heap after GC invocations=13 (full 0):
 garbage-first heap   total 51200K, used 22969K [0x0000000082600000, 0x0000000100000000)
  region size 1024K, 2 young (2048K), 2 survivors (2048K)
 Metaspace       used 50326K, committed 50816K, reserved 1114112K
  class space    used 6993K, committed 7232K, reserved 1048576K
}
Event: 9.992 GC heap before
{Heap before GC invocations=13 (full 0):
 garbage-first heap   total 51200K, used 41401K [0x0000000082600000, 0x0000000100000000)
  region size 1024K, 20 young (20480K), 2 survivors (2048K)
 Metaspace       used 54171K, committed 54720K, reserved 1114112K
  class space    used 7599K, committed 7872K, reserved 1048576K
}
Event: 9.995 GC heap after
{Heap after GC invocations=14 (full 0):
 garbage-first heap   total 51200K, used 23678K [0x0000000082600000, 0x0000000100000000)
  region size 1024K, 2 young (2048K), 2 survivors (2048K)
 Metaspace       used 54171K, committed 54720K, reserved 1114112K
  class space    used 7599K, committed 7872K, reserved 1048576K
}
Event: 10.672 GC heap before
{Heap before GC invocations=14 (full 0):
 garbage-first heap   total 51200K, used 40062K [0x0000000082600000, 0x0000000100000000)
  region size 1024K, 19 young (19456K), 2 survivors (2048K)
 Metaspace       used 57877K, committed 58432K, reserved 1114112K
  class space    used 8075K, committed 8320K, reserved 1048576K
}
Event: 10.677 GC heap after
{Heap after GC invocations=15 (full 0):
 garbage-first heap   total 51200K, used 25008K [0x0000000082600000, 0x0000000100000000)
  region size 1024K, 3 young (3072K), 3 survivors (3072K)
 Metaspace       used 57877K, committed 58432K, reserved 1114112K
  class space    used 8075K, committed 8320K, reserved 1048576K
}
Event: 11.265 GC heap before
{Heap before GC invocations=15 (full 0):
 garbage-first heap   total 51200K, used 40368K [0x0000000082600000, 0x0000000100000000)
  region size 1024K, 19 young (19456K), 3 survivors (3072K)
 Metaspace       used 59889K, committed 60416K, reserved 1114112K
  class space    used 8383K, committed 8640K, reserved 1048576K
}
Event: 11.273 GC heap after
{Heap after GC invocations=16 (full 0):
 garbage-first heap   total 51200K, used 26478K [0x0000000082600000, 0x0000000100000000)
  region size 1024K, 3 young (3072K), 3 survivors (3072K)
 Metaspace       used 59889K, committed 60416K, reserved 1114112K
  class space    used 8383K, committed 8640K, reserved 1048576K
}
Event: 11.944 GC heap before
{Heap before GC invocations=17 (full 0):
 garbage-first heap   total 51200K, used 40814K [0x0000000082600000, 0x0000000100000000)
  region size 1024K, 17 young (17408K), 3 survivors (3072K)
 Metaspace       used 61519K, committed 62080K, reserved 1114112K
  class space    used 8667K, committed 8896K, reserved 1048576K
}
Event: 11.950 GC heap after
{Heap after GC invocations=18 (full 0):
 garbage-first heap   total 51200K, used 27942K [0x0000000082600000, 0x0000000100000000)
  region size 1024K, 3 young (3072K), 3 survivors (3072K)
 Metaspace       used 61519K, committed 62080K, reserved 1114112K
  class space    used 8667K, committed 8896K, reserved 1048576K
}

