# JRE version: Java(TM) SE Runtime Environment (17.0.12+8) (build 17.0.12+8-LTS-286)
# Java VM: Java HotSpot(TM) 64-Bit Server VM (17.0.12+8-LTS-286, mixed mode, sharing, tiered, compressed oops, compressed class ptrs, g1 gc, windows-amd64)
GC Precious Log:
 CPUs: 8 total, 8 available
 Memory: 8035M
 Large Page Support: Disabled
 NUMA Support: Disabled
 Compressed Oops: Enabled (32-bit)
 Heap Region Size: 1M
 Heap Min Capacity: 8M
 Heap Initial Capacity: 126M
 Heap Max Capacity: 2010M
 Pre-touch: Disabled
 Parallel Workers: 8
 Concurrent Workers: 2
 Concurrent Refinement Workers: 8
 Periodic GC: Disabled
Heap:
 garbage-first heap   total 89088K, used 41058K [0x0000000082600000, 0x0000000100000000)
  region size 1024K, 21 young (21504K), 3 survivors (3072K)
 Metaspace       used 59468K, committed 59968K, reserved 1114112K
  class space    used 8315K, committed 8576K, reserved 1048576K
GC Heap History (20 events):
Event: 4.195 GC heap before
{Heap before GC invocations=2 (full 0):
 garbage-first heap   total 129024K, used 51015K [0x0000000082600000, 0x0000000100000000)
  region size 1024K, 45 young (46080K), 3 survivors (3072K)
 Metaspace       used 21172K, committed 21504K, reserved 1114112K
  class space    used 2663K, committed 2816K, reserved 1048576K
}
Event: 4.214 GC heap after
{Heap after GC invocations=3 (full 0):
 garbage-first heap   total 129024K, used 13390K [0x0000000082600000, 0x0000000100000000)
  region size 1024K, 6 young (6144K), 6 survivors (6144K)
 Metaspace       used 21172K, committed 21504K, reserved 1114112K
  class space    used 2663K, committed 2816K, reserved 1048576K
}
Event: 5.920 GC heap before
{Heap before GC invocations=4 (full 0):
 garbage-first heap   total 51200K, used 37966K [0x0000000082600000, 0x0000000100000000)
  region size 1024K, 30 young (30720K), 6 survivors (6144K)
 Metaspace       used 25085K, committed 25536K, reserved 1114112K
  class space    used 3226K, committed 3456K, reserved 1048576K
}
Event: 5.941 GC heap after
{Heap after GC invocations=5 (full 0):
 garbage-first heap   total 51200K, used 16288K [0x0000000082600000, 0x0000000100000000)
  region size 1024K, 3 young (3072K), 3 survivors (3072K)
 Metaspace       used 25085K, committed 25536K, reserved 1114112K
  class space    used 3226K, committed 3456K, reserved 1048576K
}
Event: 5.984 GC heap before
{Heap before GC invocations=5 (full 0):
 garbage-first heap   total 51200K, used 16288K [0x0000000082600000, 0x0000000100000000)
  region size 1024K, 4 young (4096K), 3 survivors (3072K)
 Metaspace       used 25421K, committed 25792K, reserved 1114112K
  class space    used 3265K, committed 3456K, reserved 1048576K
}
Event: 5.994 GC heap after
{Heap after GC invocations=6 (full 0):
 garbage-first heap   total 51200K, used 16754K [0x0000000082600000, 0x0000000100000000)
  region size 1024K, 1 young (1024K), 1 survivors (1024K)
 Metaspace       used 25421K, committed 25792K, reserved 1114112K
  class space    used 3265K, committed 3456K, reserved 1048576K
}
Event: 7.024 GC heap before
{Heap before GC invocations=6 (full 0):
 garbage-first heap   total 51200K, used 36210K [0x0000000082600000, 0x0000000100000000)
  region size 1024K, 20 young (20480K), 1 survivors (1024K)
 Metaspace       used 29650K, committed 30080K, reserved 1114112K
  class space    used 3826K, committed 4032K, reserved 1048576K
}
Event: 7.030 GC heap after
{Heap after GC invocations=7 (full 0):
 garbage-first heap   total 51200K, used 18149K [0x0000000082600000, 0x0000000100000000)
  region size 1024K, 2 young (2048K), 2 survivors (2048K)
 Metaspace       used 29650K, committed 30080K, reserved 1114112K
  class space    used 3826K, committed 4032K, reserved 1048576K
}
Event: 7.915 GC heap before
{Heap before GC invocations=7 (full 0):
 garbage-first heap   total 51200K, used 37605K [0x0000000082600000, 0x0000000100000000)
  region size 1024K, 21 young (21504K), 2 survivors (2048K)
 Metaspace       used 34008K, committed 34496K, reserved 1114112K
  class space    used 4540K, committed 4800K, reserved 1048576K
}
Event: 7.919 GC heap after
{Heap after GC invocations=8 (full 0):
 garbage-first heap   total 51200K, used 19466K [0x0000000082600000, 0x0000000100000000)
  region size 1024K, 2 young (2048K), 2 survivors (2048K)
 Metaspace       used 34008K, committed 34496K, reserved 1114112K
  class space    used 4540K, committed 4800K, reserved 1048576K
}
Event: 8.225 GC heap before
{Heap before GC invocations=8 (full 0):
 garbage-first heap   total 51200K, used 27658K [0x0000000082600000, 0x0000000100000000)
  region size 1024K, 11 young (11264K), 2 survivors (2048K)
 Metaspace       used 35488K, committed 35968K, reserved 1114112K
  class space    used 4871K, committed 5120K, reserved 1048576K
}
Event: 8.229 GC heap after
{Heap after GC invocations=9 (full 0):
 garbage-first heap   total 51200K, used 20094K [0x0000000082600000, 0x0000000100000000)
  region size 1024K, 2 young (2048K), 2 survivors (2048K)
 Metaspace       used 35488K, committed 35968K, reserved 1114112K
  class space    used 4871K, committed 5120K, reserved 1048576K
}
Event: 9.228 GC heap before
{Heap before GC invocations=10 (full 0):
 garbage-first heap   total 51200K, used 39550K [0x0000000082600000, 0x0000000100000000)
  region size 1024K, 21 young (21504K), 2 survivors (2048K)
 Metaspace       used 40573K, committed 41024K, reserved 1114112K
  class space    used 5654K, committed 5824K, reserved 1048576K
}
Event: 9.234 GC heap after
{Heap after GC invocations=11 (full 0):
 garbage-first heap   total 51200K, used 21481K [0x0000000082600000, 0x0000000100000000)
  region size 1024K, 3 young (3072K), 3 survivors (3072K)
 Metaspace       used 40573K, committed 41024K, reserved 1114112K
  class space    used 5654K, committed 5824K, reserved 1048576K
}
Event: 9.311 GC heap before
{Heap before GC invocations=11 (full 0):
 garbage-first heap   total 51200K, used 22505K [0x0000000082600000, 0x0000000100000000)
  region size 1024K, 4 young (4096K), 3 survivors (3072K)
 Metaspace       used 41108K, committed 41536K, reserved 1114112K
  class space    used 5693K, committed 5888K, reserved 1048576K
}
Event: 9.316 GC heap after
{Heap after GC invocations=12 (full 0):
 garbage-first heap   total 51200K, used 20846K [0x0000000082600000, 0x0000000100000000)
  region size 1024K, 1 young (1024K), 1 survivors (1024K)
 Metaspace       used 41108K, committed 41536K, reserved 1114112K
  class space    used 5693K, committed 5888K, reserved 1048576K
}
Event: 10.134 GC heap before
{Heap before GC invocations=12 (full 0):
 garbage-first heap   total 51200K, used 38254K [0x0000000082600000, 0x0000000100000000)
  region size 1024K, 19 young (19456K), 1 survivors (1024K)
 Metaspace       used 45314K, committed 45824K, reserved 1114112K
  class space    used 6218K, committed 6464K, reserved 1048576K
}
Event: 10.138 GC heap after
{Heap after GC invocations=13 (full 0):
 garbage-first heap   total 89088K, used 21801K [0x0000000082600000, 0x0000000100000000)
  region size 1024K, 2 young (2048K), 2 survivors (2048K)
 Metaspace       used 45314K, committed 45824K, reserved 1114112K
  class space    used 6218K, committed 6464K, reserved 1048576K
}
Event: 12.284 GC heap before
{Heap before GC invocations=13 (full 0):
 garbage-first heap   total 89088K, used 66857K [0x0000000082600000, 0x0000000100000000)
  region size 1024K, 46 young (47104K), 2 survivors (2048K)
 Metaspace       used 57207K, committed 57728K, reserved 1114112K
  class space    used 8019K, committed 8256K, reserved 1048576K
}
Event: 12.289 GC heap after
{Heap after GC invocations=14 (full 0):
 garbage-first heap   total 89088K, used 23650K [0x0000000082600000, 0x0000000100000000)
  region size 1024K, 3 young (3072K), 3 survivors (3072K)
 Metaspace       used 57207K, committed 57728K, reserved 1114112K
  class space    used 8019K, committed 8256K, reserved 1048576K
}

