# JRE version: OpenJDK Runtime Environment Temurin-21.0.9+10 (21.0.9+10) (build 21.0.9+10-LTS)
# Java VM: OpenJDK 64-Bit Server VM Temurin-21.0.9+10 (21.0.9+10-LTS, mixed mode, sharing, tiered, compressed oops, compressed class ptrs, parallel gc, windows-amd64)
GC Precious Log:
 CardTable entry size: 512
 CPUs: 8 total, 8 available
 Memory: 8035M
 Large Page Support: Disabled
 NUMA Support: Disabled
 Compressed Oops: Enabled (32-bit)
 Alignments: Space 512K, Generation 512K, Heap 2M
 Heap Min Capacity: 100M
 Heap Initial Capacity: 100M
 Heap Max Capacity: 2G
 Pre-touch: Disabled
 Parallel Workers: 8
Heap:
 PSYoungGen      total 20480K, used 10306K [0x00000000d5580000, 0x00000000d6a80000, 0x0000000100000000)
  eden space 19456K, 47% used [0x00000000d5580000,0x00000000d5e940e0,0x00000000d6880000)
  from space 1024K, 98% used [0x00000000d6980000,0x00000000d6a7c8b8,0x00000000d6a80000)
  to   space 512K, 0% used [0x00000000d6900000,0x00000000d6900000,0x00000000d6980000)
 ParOldGen       total 78848K, used 78577K [0x0000000080000000, 0x0000000084d00000, 0x00000000d5580000)
  object space 78848K, 99% used [0x0000000080000000,0x0000000084cbc6b8,0x0000000084d00000)
 Metaspace       used 67375K, committed 68928K, reserved 1114112K
  class space    used 7292K, committed 7936K, reserved 1048576K
GC Heap History (20 events):
Event: 84.353 GC heap before
{Heap before GC invocations=48 (full 3):
 PSYoungGen      total 23040K, used 22896K [0x00000000d5580000, 0x00000000d7000000, 0x0000000100000000)
  eden space 20480K, 100% used [0x00000000d5580000,0x00000000d6980000,0x00000000d6980000)
  from space 2560K, 94% used [0x00000000d6d80000,0x00000000d6fdc010,0x00000000d7000000)
  to   space 3072K, 0% used [0x00000000d6a00000,0x00000000d6a00000,0x00000000d6d00000)
 ParOldGen       total 68608K, used 57045K [0x0000000080000000, 0x0000000084300000, 0x00000000d5580000)
  object space 68608K, 83% used [0x0000000080000000,0x00000000837b5528,0x0000000084300000)
 Metaspace       used 61567K, committed 62912K, reserved 1114112K
  class space    used 6714K, committed 7296K, reserved 1048576K
}
Event: 84.361 GC heap after
{Heap after GC invocations=48 (full 3):
 PSYoungGen      total 23552K, used 2784K [0x00000000d5580000, 0x00000000d6f80000, 0x0000000100000000)
  eden space 20480K, 0% used [0x00000000d5580000,0x00000000d5580000,0x00000000d6980000)
  from space 3072K, 90% used [0x00000000d6a00000,0x00000000d6cb8000,0x00000000d6d00000)
  to   space 2560K, 0% used [0x00000000d6d00000,0x00000000d6d00000,0x00000000d6f80000)
 ParOldGen       total 68608K, used 59261K [0x0000000080000000, 0x0000000084300000, 0x00000000d5580000)
  object space 68608K, 86% used [0x0000000080000000,0x00000000839df558,0x0000000084300000)
 Metaspace       used 61567K, committed 62912K, reserved 1114112K
  class space    used 6714K, committed 7296K, reserved 1048576K
}
Event: 86.932 GC heap before
{Heap before GC invocations=49 (full 3):
 PSYoungGen      total 23552K, used 23264K [0x00000000d5580000, 0x00000000d6f80000, 0x0000000100000000)
  eden space 20480K, 100% used [0x00000000d5580000,0x00000000d6980000,0x00000000d6980000)
  from space 3072K, 90% used [0x00000000d6a00000,0x00000000d6cb8000,0x00000000d6d00000)
  to   space 2560K, 0% used [0x00000000d6d00000,0x00000000d6d00000,0x00000000d6f80000)
 ParOldGen       total 68608K, used 59261K [0x0000000080000000, 0x0000000084300000, 0x00000000d5580000)
  object space 68608K, 86% used [0x0000000080000000,0x00000000839df558,0x0000000084300000)
 Metaspace       used 61765K, committed 63040K, reserved 1114112K
  class space    used 6715K, committed 7296K, reserved 1048576K
}
Event: 86.940 GC heap after
{Heap after GC invocations=49 (full 3):
 PSYoungGen      total 23040K, used 2064K [0x00000000d5580000, 0x00000000d6f80000, 0x0000000100000000)
  eden space 20480K, 0% used [0x00000000d5580000,0x00000000d5580000,0x00000000d6980000)
  from space 2560K, 80% used [0x00000000d6d00000,0x00000000d6f04010,0x00000000d6f80000)
  to   space 2560K, 0% used [0x00000000d6a80000,0x00000000d6a80000,0x00000000d6d00000)
 ParOldGen       total 68608K, used 61792K [0x0000000080000000, 0x0000000084300000, 0x00000000d5580000)
  object space 68608K, 90% used [0x0000000080000000,0x0000000083c58128,0x0000000084300000)
 Metaspace       used 61765K, committed 63040K, reserved 1114112K
  class space    used 6715K, committed 7296K, reserved 1048576K
}
Event: 87.548 GC heap before
{Heap before GC invocations=50 (full 3):
 PSYoungGen      total 23040K, used 22544K [0x00000000d5580000, 0x00000000d6f80000, 0x0000000100000000)
  eden space 20480K, 100% used [0x00000000d5580000,0x00000000d6980000,0x00000000d6980000)
  from space 2560K, 80% used [0x00000000d6d00000,0x00000000d6f04010,0x00000000d6f80000)
  to   space 2560K, 0% used [0x00000000d6a80000,0x00000000d6a80000,0x00000000d6d00000)
 ParOldGen       total 68608K, used 61792K [0x0000000080000000, 0x0000000084300000, 0x00000000d5580000)
  object space 68608K, 90% used [0x0000000080000000,0x0000000083c58128,0x0000000084300000)
 Metaspace       used 62059K, committed 63424K, reserved 1114112K
  class space    used 6730K, committed 7360K, reserved 1048576K
}
Event: 87.553 GC heap after
{Heap after GC invocations=50 (full 3):
 PSYoungGen      total 22016K, used 1504K [0x00000000d5580000, 0x00000000d6d80000, 0x0000000100000000)
  eden space 20480K, 0% used [0x00000000d5580000,0x00000000d5580000,0x00000000d6980000)
  from space 1536K, 97% used [0x00000000d6a80000,0x00000000d6bf8000,0x00000000d6c00000)
  to   space 1536K, 0% used [0x00000000d6c00000,0x00000000d6c00000,0x00000000d6d80000)
 ParOldGen       total 68608K, used 63383K [0x0000000080000000, 0x0000000084300000, 0x00000000d5580000)
  object space 68608K, 92% used [0x0000000080000000,0x0000000083de5d68,0x0000000084300000)
 Metaspace       used 62059K, committed 63424K, reserved 1114112K
  class space    used 6730K, committed 7360K, reserved 1048576K
}
Event: 88.867 GC heap before
{Heap before GC invocations=51 (full 3):
 PSYoungGen      total 22016K, used 21984K [0x00000000d5580000, 0x00000000d6d80000, 0x0000000100000000)
  eden space 20480K, 100% used [0x00000000d5580000,0x00000000d6980000,0x00000000d6980000)
  from space 1536K, 97% used [0x00000000d6a80000,0x00000000d6bf8000,0x00000000d6c00000)
  to   space 1536K, 0% used [0x00000000d6c00000,0x00000000d6c00000,0x00000000d6d80000)
 ParOldGen       total 68608K, used 63383K [0x0000000080000000, 0x0000000084300000, 0x00000000d5580000)
  object space 68608K, 92% used [0x0000000080000000,0x0000000083de5d68,0x0000000084300000)
 Metaspace       used 62435K, committed 63744K, reserved 1114112K
  class space    used 6766K, committed 7360K, reserved 1048576K
}
Event: 88.873 GC heap after
{Heap after GC invocations=51 (full 3):
 PSYoungGen      total 20992K, used 1536K [0x00000000d5580000, 0x00000000d7080000, 0x0000000100000000)
  eden space 19456K, 0% used [0x00000000d5580000,0x00000000d5580000,0x00000000d6880000)
  from space 1536K, 100% used [0x00000000d6c00000,0x00000000d6d80000,0x00000000d6d80000)
  to   space 3584K, 0% used [0x00000000d6880000,0x00000000d6880000,0x00000000d6c00000)
 ParOldGen       total 68608K, used 64954K [0x0000000080000000, 0x0000000084300000, 0x00000000d5580000)
  object space 68608K, 94% used [0x0000000080000000,0x0000000083f6e9a8,0x0000000084300000)
 Metaspace       used 62435K, committed 63744K, reserved 1114112K
  class space    used 6766K, committed 7360K, reserved 1048576K
}
Event: 89.924 GC heap before
{Heap before GC invocations=52 (full 3):
 PSYoungGen      total 20992K, used 20992K [0x00000000d5580000, 0x00000000d7080000, 0x0000000100000000)
  eden space 19456K, 100% used [0x00000000d5580000,0x00000000d6880000,0x00000000d6880000)
  from space 1536K, 100% used [0x00000000d6c00000,0x00000000d6d80000,0x00000000d6d80000)
  to   space 3584K, 0% used [0x00000000d6880000,0x00000000d6880000,0x00000000d6c00000)
 ParOldGen       total 68608K, used 64954K [0x0000000080000000, 0x0000000084300000, 0x00000000d5580000)
  object space 68608K, 94% used [0x0000000080000000,0x0000000083f6e9a8,0x0000000084300000)
 Metaspace       used 62650K, committed 64064K, reserved 1114112K
  class space    used 6773K, committed 7424K, reserved 1048576K
}
Event: 89.928 GC heap after
{Heap after GC invocations=52 (full 3):
 PSYoungGen      total 20992K, used 1536K [0x00000000d5580000, 0x00000000d6d80000, 0x0000000100000000)
  eden space 19456K, 0% used [0x00000000d5580000,0x00000000d5580000,0x00000000d6880000)
  from space 1536K, 100% used [0x00000000d6880000,0x00000000d6a00000,0x00000000d6a00000)
  to   space 2560K, 0% used [0x00000000d6b00000,0x00000000d6b00000,0x00000000d6d80000)
 ParOldGen       total 68608K, used 66113K [0x0000000080000000, 0x0000000084300000, 0x00000000d5580000)
  object space 68608K, 96% used [0x0000000080000000,0x00000000840906b8,0x0000000084300000)
 Metaspace       used 62650K, committed 64064K, reserved 1114112K
  class space    used 6773K, committed 7424K, reserved 1048576K
}
Event: 91.445 GC heap before
{Heap before GC invocations=53 (full 3):
 PSYoungGen      total 20992K, used 20992K [0x00000000d5580000, 0x00000000d6d80000, 0x0000000100000000)
  eden space 19456K, 100% used [0x00000000d5580000,0x00000000d6880000,0x00000000d6880000)
  from space 1536K, 100% used [0x00000000d6880000,0x00000000d6a00000,0x00000000d6a00000)
  to   space 2560K, 0% used [0x00000000d6b00000,0x00000000d6b00000,0x00000000d6d80000)
 ParOldGen       total 68608K, used 66113K [0x0000000080000000, 0x0000000084300000, 0x00000000d5580000)
  object space 68608K, 96% used [0x0000000080000000,0x00000000840906b8,0x0000000084300000)
 Metaspace       used 63231K, committed 64576K, reserved 1114112K
  class space    used 6835K, committed 7488K, reserved 1048576K
}
Event: 91.448 GC heap after
{Heap after GC invocations=53 (full 3):
 PSYoungGen      total 20992K, used 1376K [0x00000000d5580000, 0x00000000d6c80000, 0x0000000100000000)
  eden space 19456K, 0% used [0x00000000d5580000,0x00000000d5580000,0x00000000d6880000)
  from space 1536K, 89% used [0x00000000d6b00000,0x00000000d6c58000,0x00000000d6c80000)
  to   space 1536K, 0% used [0x00000000d6880000,0x00000000d6880000,0x00000000d6a00000)
 ParOldGen       total 68608K, used 67209K [0x0000000080000000, 0x0000000084300000, 0x00000000d5580000)
  object space 68608K, 97% used [0x0000000080000000,0x00000000841a26b8,0x0000000084300000)
 Metaspace       used 63231K, committed 64576K, reserved 1114112K
  class space    used 6835K, committed 7488K, reserved 1048576K
}
Event: 93.036 GC heap before
{Heap before GC invocations=54 (full 3):
 PSYoungGen      total 20992K, used 20832K [0x00000000d5580000, 0x00000000d6c80000, 0x0000000100000000)
  eden space 19456K, 100% used [0x00000000d5580000,0x00000000d6880000,0x00000000d6880000)
  from space 1536K, 89% used [0x00000000d6b00000,0x00000000d6c58000,0x00000000d6c80000)
  to   space 1536K, 0% used [0x00000000d6880000,0x00000000d6880000,0x00000000d6a00000)
 ParOldGen       total 68608K, used 67209K [0x0000000080000000, 0x0000000084300000, 0x00000000d5580000)
  object space 68608K, 97% used [0x0000000080000000,0x00000000841a26b8,0x0000000084300000)
 Metaspace       used 64025K, committed 65408K, reserved 1114112K
  class space    used 6929K, committed 7552K, reserved 1048576K
}
Event: 93.041 GC heap after
{Heap after GC invocations=54 (full 3):
 PSYoungGen      total 20992K, used 1413K [0x00000000d5580000, 0x00000000d6b80000, 0x0000000100000000)
  eden space 19456K, 0% used [0x00000000d5580000,0x00000000d5580000,0x00000000d6880000)
  from space 1536K, 91% used [0x00000000d6880000,0x00000000d69e1420,0x00000000d6a00000)
  to   space 1536K, 0% used [0x00000000d6a00000,0x00000000d6a00000,0x00000000d6b80000)
 ParOldGen       total 68608K, used 68273K [0x0000000080000000, 0x0000000084300000, 0x00000000d5580000)
  object space 68608K, 99% used [0x0000000080000000,0x00000000842ac6b8,0x0000000084300000)
 Metaspace       used 64025K, committed 65408K, reserved 1114112K
  class space    used 6929K, committed 7552K, reserved 1048576K
}
Event: 93.943 GC heap before
{Heap before GC invocations=55 (full 3):
 PSYoungGen      total 20992K, used 20869K [0x00000000d5580000, 0x00000000d6b80000, 0x0000000100000000)
  eden space 19456K, 99% used [0x00000000d5580000,0x00000000d687fff8,0x00000000d6880000)
  from space 1536K, 91% used [0x00000000d6880000,0x00000000d69e1420,0x00000000d6a00000)
  to   space 1536K, 0% used [0x00000000d6a00000,0x00000000d6a00000,0x00000000d6b80000)
 ParOldGen       total 68608K, used 68273K [0x0000000080000000, 0x0000000084300000, 0x00000000d5580000)
  object space 68608K, 99% used [0x0000000080000000,0x00000000842ac6b8,0x0000000084300000)
 Metaspace       used 65783K, committed 67264K, reserved 1114112K
  class space    used 7124K, committed 7744K, reserved 1048576K
}
Event: 93.947 GC heap after
{Heap after GC invocations=55 (full 3):
 PSYoungGen      total 20480K, used 632K [0x00000000d5580000, 0x00000000d6b00000, 0x0000000100000000)
  eden space 19456K, 0% used [0x00000000d5580000,0x00000000d5580000,0x00000000d6880000)
  from space 1024K, 61% used [0x00000000d6a00000,0x00000000d6a9e1c8,0x00000000d6b00000)
  to   space 1024K, 0% used [0x00000000d6900000,0x00000000d6900000,0x00000000d6a00000)
 ParOldGen       total 69632K, used 69406K [0x0000000080000000, 0x0000000084400000, 0x00000000d5580000)
  object space 69632K, 99% used [0x0000000080000000,0x00000000843c7840,0x0000000084400000)
 Metaspace       used 65783K, committed 67264K, reserved 1114112K
  class space    used 7124K, committed 7744K, reserved 1048576K
}
Event: 94.835 GC heap before
{Heap before GC invocations=56 (full 3):
 PSYoungGen      total 20480K, used 20088K [0x00000000d5580000, 0x00000000d6b00000, 0x0000000100000000)
  eden space 19456K, 100% used [0x00000000d5580000,0x00000000d6880000,0x00000000d6880000)
  from space 1024K, 61% used [0x00000000d6a00000,0x00000000d6a9e1c8,0x00000000d6b00000)
  to   space 1024K, 0% used [0x00000000d6900000,0x00000000d6900000,0x00000000d6a00000)
 ParOldGen       total 69632K, used 69406K [0x0000000080000000, 0x0000000084400000, 0x00000000d5580000)
  object space 69632K, 99% used [0x0000000080000000,0x00000000843c7840,0x0000000084400000)
 Metaspace       used 66372K, committed 67840K, reserved 1114112K
  class space    used 7186K, committed 7808K, reserved 1048576K
}
Event: 94.838 GC heap after
{Heap after GC invocations=56 (full 3):
 PSYoungGen      total 19968K, used 480K [0x00000000d5580000, 0x00000000d6a80000, 0x0000000100000000)
  eden space 19456K, 0% used [0x00000000d5580000,0x00000000d5580000,0x00000000d6880000)
  from space 512K, 93% used [0x00000000d6900000,0x00000000d6978020,0x00000000d6980000)
  to   space 1024K, 0% used [0x00000000d6980000,0x00000000d6980000,0x00000000d6a80000)
 ParOldGen       total 70144K, used 69906K [0x0000000080000000, 0x0000000084480000, 0x00000000d5580000)
  object space 70144K, 99% used [0x0000000080000000,0x0000000084444880,0x0000000084480000)
 Metaspace       used 66372K, committed 67840K, reserved 1114112K
  class space    used 7186K, committed 7808K, reserved 1048576K
}
Event: 95.380 GC heap before
{Heap before GC invocations=57 (full 3):
 PSYoungGen      total 19968K, used 19936K [0x00000000d5580000, 0x00000000d6a80000, 0x0000000100000000)
  eden space 19456K, 100% used [0x00000000d5580000,0x00000000d6880000,0x00000000d6880000)
  from space 512K, 93% used [0x00000000d6900000,0x00000000d6978020,0x00000000d6980000)
  to   space 1024K, 0% used [0x00000000d6980000,0x00000000d6980000,0x00000000d6a80000)
 ParOldGen       total 70144K, used 69906K [0x0000000080000000, 0x0000000084480000, 0x00000000d5580000)
  object space 70144K, 99% used [0x0000000080000000,0x0000000084444880,0x0000000084480000)
 Metaspace       used 67108K, committed 68672K, reserved 1114112K
  class space    used 7260K, committed 7936K, reserved 1048576K
}
Event: 97.397 GC heap after
{Heap after GC invocations=57 (full 3):
 PSYoungGen      total 20480K, used 1010K [0x00000000d5580000, 0x00000000d6a80000, 0x0000000100000000)
  eden space 19456K, 0% used [0x00000000d5580000,0x00000000d5580000,0x00000000d6880000)
  from space 1024K, 98% used [0x00000000d6980000,0x00000000d6a7c8b8,0x00000000d6a80000)
  to   space 512K, 0% used [0x00000000d6900000,0x00000000d6900000,0x00000000d6980000)
 ParOldGen       total 78848K, used 78577K [0x0000000080000000, 0x0000000084d00000, 0x00000000d5580000)
  object space 78848K, 99% used [0x0000000080000000,0x0000000084cbc6b8,0x0000000084d00000)
 Metaspace       used 67108K, committed 68672K, reserved 1114112K
  class space    used 7260K, committed 7936K, reserved 1048576K
}

