# JRE version: OpenJDK Runtime Environment Temurin-21.0.9+10 (21.0.9+10) (build 21.0.9+10-LTS)
# Java VM: OpenJDK 64-Bit Server VM Temurin-21.0.9+10 (21.0.9+10-LTS, mixed mode, sharing, tiered, compressed oops, compressed class ptrs, parallel gc, windows-amd64)
GC Precious Log:
 CardTable entry size: 512
 CPUs: 8 total, 8 available
 Memory: 8035M
 Large Page Support: Disabled
 NUMA Support: Disabled
 Compressed Oops: Enabled (32-bit)
 Alignments: Space 512K, Generation 512K, Heap 2M
 Heap Min Capacity: 100M
 Heap Initial Capacity: 100M
 Heap Max Capacity: 2G
 Pre-touch: Disabled
 Parallel Workers: 8
Heap:
 PSYoungGen      total 3072K, used 1808K [0x00000000d5580000, 0x00000000d5a80000, 0x0000000100000000)
  eden space 2048K, 39% used [0x00000000d5580000,0x00000000d5648da0,0x00000000d5780000)
  from space 1024K, 98% used [0x00000000d5880000,0x00000000d597b510,0x00000000d5980000)
  to   space 1024K, 0% used [0x00000000d5980000,0x00000000d5980000,0x00000000d5a80000)
 ParOldGen       total 922624K, used 921654K [0x0000000080000000, 0x00000000b8500000, 0x00000000d5580000)
  object space 922624K, 99% used [0x0000000080000000,0x00000000b840d960,0x00000000b8500000)
 Metaspace       used 79028K, committed 80768K, reserved 1179648K
  class space    used 8112K, committed 8896K, reserved 1048576K
GC Heap History (20 events):
Event: 2570.909 GC heap before
{Heap before GC invocations=2357 (full 4):
 PSYoungGen      total 8192K, used 7296K [0x00000000d5580000, 0x00000000d6200000, 0x0000000100000000)
  eden space 3584K, 100% used [0x00000000d5580000,0x00000000d5900000,0x00000000d5900000)
  from space 4608K, 80% used [0x00000000d5900000,0x00000000d5ca0000,0x00000000d5d80000)
  to   space 4096K, 0% used [0x00000000d5e00000,0x00000000d5e00000,0x00000000d6200000)
 ParOldGen       total 841728K, used 841294K [0x0000000080000000, 0x00000000b3600000, 0x00000000d5580000)
  object space 841728K, 99% used [0x0000000080000000,0x00000000b3593b00,0x00000000b3600000)
 Metaspace       used 78995K, committed 80704K, reserved 1179648K
  class space    used 8111K, committed 8896K, reserved 1048576K
}
Event: 2570.927 GC heap after
{Heap after GC invocations=2357 (full 4):
 PSYoungGen      total 8192K, used 3284K [0x00000000d5580000, 0x00000000d6180000, 0x0000000100000000)
  eden space 4608K, 0% used [0x00000000d5580000,0x00000000d5580000,0x00000000d5a00000)
  from space 3584K, 91% used [0x00000000d5e00000,0x00000000d6135000,0x00000000d6180000)
  to   space 3584K, 0% used [0x00000000d5a80000,0x00000000d5a80000,0x00000000d5e00000)
 ParOldGen       total 845312K, used 844886K [0x0000000080000000, 0x00000000b3980000, 0x00000000d5580000)
  object space 845312K, 99% used [0x0000000080000000,0x00000000b3915b00,0x00000000b3980000)
 Metaspace       used 78995K, committed 80704K, reserved 1179648K
  class space    used 8111K, committed 8896K, reserved 1048576K
}
Event: 2571.071 GC heap before
{Heap before GC invocations=2358 (full 4):
 PSYoungGen      total 8192K, used 7892K [0x00000000d5580000, 0x00000000d6180000, 0x0000000100000000)
  eden space 4608K, 100% used [0x00000000d5580000,0x00000000d5a00000,0x00000000d5a00000)
  from space 3584K, 91% used [0x00000000d5e00000,0x00000000d6135000,0x00000000d6180000)
  to   space 3584K, 0% used [0x00000000d5a80000,0x00000000d5a80000,0x00000000d5e00000)
 ParOldGen       total 845312K, used 844886K [0x0000000080000000, 0x00000000b3980000, 0x00000000d5580000)
  object space 845312K, 99% used [0x0000000080000000,0x00000000b3915b00,0x00000000b3980000)
 Metaspace       used 78996K, committed 80704K, reserved 1179648K
  class space    used 8111K, committed 8896K, reserved 1048576K
}
Event: 2571.083 GC heap after
{Heap after GC invocations=2358 (full 4):
 PSYoungGen      total 8704K, used 3563K [0x00000000d5580000, 0x00000000d6300000, 0x0000000100000000)
  eden space 5120K, 0% used [0x00000000d5580000,0x00000000d5580000,0x00000000d5a80000)
  from space 3584K, 99% used [0x00000000d5a80000,0x00000000d5dfadd0,0x00000000d5e00000)
  to   space 4096K, 0% used [0x00000000d5f00000,0x00000000d5f00000,0x00000000d6300000)
 ParOldGen       total 847872K, used 847806K [0x0000000080000000, 0x00000000b3c00000, 0x00000000d5580000)
  object space 847872K, 99% used [0x0000000080000000,0x00000000b3befb00,0x00000000b3c00000)
 Metaspace       used 78996K, committed 80704K, reserved 1179648K
  class space    used 8111K, committed 8896K, reserved 1048576K
}
Event: 2571.126 GC heap before
{Heap before GC invocations=2359 (full 4):
 PSYoungGen      total 8704K, used 8683K [0x00000000d5580000, 0x00000000d6300000, 0x0000000100000000)
  eden space 5120K, 99% used [0x00000000d5580000,0x00000000d5a7ffc0,0x00000000d5a80000)
  from space 3584K, 99% used [0x00000000d5a80000,0x00000000d5dfadd0,0x00000000d5e00000)
  to   space 4096K, 0% used [0x00000000d5f00000,0x00000000d5f00000,0x00000000d6300000)
 ParOldGen       total 847872K, used 847806K [0x0000000080000000, 0x00000000b3c00000, 0x00000000d5580000)
  object space 847872K, 99% used [0x0000000080000000,0x00000000b3befb00,0x00000000b3c00000)
 Metaspace       used 78996K, committed 80704K, reserved 1179648K
  class space    used 8111K, committed 8896K, reserved 1048576K
}
Event: 2571.141 GC heap after
{Heap after GC invocations=2359 (full 4):
 PSYoungGen      total 4608K, used 4096K [0x00000000d5580000, 0x00000000d6e80000, 0x0000000100000000)
  eden space 512K, 0% used [0x00000000d5580000,0x00000000d5580000,0x00000000d5600000)
  from space 4096K, 100% used [0x00000000d5f00000,0x00000000d6300000,0x00000000d6300000)
  to   space 9216K, 0% used [0x00000000d5600000,0x00000000d5600000,0x00000000d5f00000)
 ParOldGen       total 852480K, used 852138K [0x0000000080000000, 0x00000000b4080000, 0x00000000d5580000)
  object space 852480K, 99% used [0x0000000080000000,0x00000000b402a8d0,0x00000000b4080000)
 Metaspace       used 78996K, committed 80704K, reserved 1179648K
  class space    used 8111K, committed 8896K, reserved 1048576K
}
Event: 2571.152 GC heap before
{Heap before GC invocations=2360 (full 4):
 PSYoungGen      total 4608K, used 4608K [0x00000000d5580000, 0x00000000d6e80000, 0x0000000100000000)
  eden space 512K, 100% used [0x00000000d5580000,0x00000000d5600000,0x00000000d5600000)
  from space 4096K, 100% used [0x00000000d5f00000,0x00000000d6300000,0x00000000d6300000)
  to   space 9216K, 0% used [0x00000000d5600000,0x00000000d5600000,0x00000000d5f00000)
 ParOldGen       total 852480K, used 852138K [0x0000000080000000, 0x00000000b4080000, 0x00000000d5580000)
  object space 852480K, 99% used [0x0000000080000000,0x00000000b402a8d0,0x00000000b4080000)
 Metaspace       used 78996K, committed 80704K, reserved 1179648K
  class space    used 8111K, committed 8896K, reserved 1048576K
}
Event: 2571.164 GC heap after
{Heap after GC invocations=2360 (full 4):
 PSYoungGen      total 1024K, used 480K [0x00000000d5580000, 0x00000000d5f80000, 0x0000000100000000)
  eden space 512K, 0% used [0x00000000d5580000,0x00000000d5580000,0x00000000d5600000)
  from space 512K, 93% used [0x00000000d5600000,0x00000000d5678000,0x00000000d5680000)
  to   space 3584K, 0% used [0x00000000d5c00000,0x00000000d5c00000,0x00000000d5f80000)
 ParOldGen       total 856576K, used 856226K [0x0000000080000000, 0x00000000b4480000, 0x00000000d5580000)
  object space 856576K, 99% used [0x0000000080000000,0x00000000b44288e0,0x00000000b4480000)
 Metaspace       used 78996K, committed 80704K, reserved 1179648K
  class space    used 8111K, committed 8896K, reserved 1048576K
}
Event: 2571.169 GC heap before
{Heap before GC invocations=2361 (full 4):
 PSYoungGen      total 1024K, used 991K [0x00000000d5580000, 0x00000000d5f80000, 0x0000000100000000)
  eden space 512K, 99% used [0x00000000d5580000,0x00000000d55fffe0,0x00000000d5600000)
  from space 512K, 93% used [0x00000000d5600000,0x00000000d5678000,0x00000000d5680000)
  to   space 3584K, 0% used [0x00000000d5c00000,0x00000000d5c00000,0x00000000d5f80000)
 ParOldGen       total 856576K, used 856226K [0x0000000080000000, 0x00000000b4480000, 0x00000000d5580000)
  object space 856576K, 99% used [0x0000000080000000,0x00000000b44288e0,0x00000000b4480000)
 Metaspace       used 78997K, committed 80704K, reserved 1179648K
  class space    used 8111K, committed 8896K, reserved 1048576K
}
Event: 2571.175 GC heap after
{Heap after GC invocations=2361 (full 4):
 PSYoungGen      total 2048K, used 608K [0x00000000d5580000, 0x00000000d5d00000, 0x0000000100000000)
  eden space 1024K, 0% used [0x00000000d5580000,0x00000000d5580000,0x00000000d5680000)
  from space 1024K, 59% used [0x00000000d5c00000,0x00000000d5c98000,0x00000000d5d00000)
  to   space 1536K, 0% used [0x00000000d5a00000,0x00000000d5a00000,0x00000000d5b80000)
 ParOldGen       total 857088K, used 856602K [0x0000000080000000, 0x00000000b4500000, 0x00000000d5580000)
  object space 857088K, 99% used [0x0000000080000000,0x00000000b44868f0,0x00000000b4500000)
 Metaspace       used 78997K, committed 80704K, reserved 1179648K
  class space    used 8111K, committed 8896K, reserved 1048576K
}
Event: 2571.200 GC heap before
{Heap before GC invocations=2362 (full 4):
 PSYoungGen      total 2048K, used 1631K [0x00000000d5580000, 0x00000000d5d00000, 0x0000000100000000)
  eden space 1024K, 99% used [0x00000000d5580000,0x00000000d567fff0,0x00000000d5680000)
  from space 1024K, 59% used [0x00000000d5c00000,0x00000000d5c98000,0x00000000d5d00000)
  to   space 1536K, 0% used [0x00000000d5a00000,0x00000000d5a00000,0x00000000d5b80000)
 ParOldGen       total 857088K, used 856602K [0x0000000080000000, 0x00000000b4500000, 0x00000000d5580000)
  object space 857088K, 99% used [0x0000000080000000,0x00000000b44868f0,0x00000000b4500000)
 Metaspace       used 78997K, committed 80704K, reserved 1179648K
  class space    used 8111K, committed 8896K, reserved 1048576K
}
Event: 2571.206 GC heap after
{Heap after GC invocations=2362 (full 4):
 PSYoungGen      total 3072K, used 1088K [0x00000000d5580000, 0x00000000d5c80000, 0x0000000100000000)
  eden space 1536K, 0% used [0x00000000d5580000,0x00000000d5580000,0x00000000d5700000)
  from space 1536K, 70% used [0x00000000d5a00000,0x00000000d5b10000,0x00000000d5b80000)
  to   space 1024K, 0% used [0x00000000d5b80000,0x00000000d5b80000,0x00000000d5c80000)
 ParOldGen       total 857600K, used 857114K [0x0000000080000000, 0x00000000b4580000, 0x00000000d5580000)
  object space 857600K, 99% used [0x0000000080000000,0x00000000b45068f0,0x00000000b4580000)
 Metaspace       used 78997K, committed 80704K, reserved 1179648K
  class space    used 8111K, committed 8896K, reserved 1048576K
}
Event: 2571.225 GC heap before
{Heap before GC invocations=2363 (full 4):
 PSYoungGen      total 3072K, used 2624K [0x00000000d5580000, 0x00000000d5c80000, 0x0000000100000000)
  eden space 1536K, 100% used [0x00000000d5580000,0x00000000d5700000,0x00000000d5700000)
  from space 1536K, 70% used [0x00000000d5a00000,0x00000000d5b10000,0x00000000d5b80000)
  to   space 1024K, 0% used [0x00000000d5b80000,0x00000000d5b80000,0x00000000d5c80000)
 ParOldGen       total 857600K, used 857114K [0x0000000080000000, 0x00000000b4580000, 0x00000000d5580000)
  object space 857600K, 99% used [0x0000000080000000,0x00000000b45068f0,0x00000000b4580000)
 Metaspace       used 78998K, committed 80768K, reserved 1179648K
  class space    used 8111K, committed 8896K, reserved 1048576K
}
Event: 2571.231 GC heap after
{Heap after GC invocations=2363 (full 4):
 PSYoungGen      total 3072K, used 1024K [0x00000000d5580000, 0x00000000d5c80000, 0x0000000100000000)
  eden space 2048K, 0% used [0x00000000d5580000,0x00000000d5580000,0x00000000d5780000)
  from space 1024K, 100% used [0x00000000d5b80000,0x00000000d5c80000,0x00000000d5c80000)
  to   space 2560K, 0% used [0x00000000d5780000,0x00000000d5780000,0x00000000d5a00000)
 ParOldGen       total 858624K, used 858194K [0x0000000080000000, 0x00000000b4680000, 0x00000000d5580000)
  object space 858624K, 99% used [0x0000000080000000,0x00000000b46148f0,0x00000000b4680000)
 Metaspace       used 78998K, committed 80768K, reserved 1179648K
  class space    used 8111K, committed 8896K, reserved 1048576K
}
Event: 2571.758 GC heap before
{Heap before GC invocations=2364 (full 4):
 PSYoungGen      total 3072K, used 3072K [0x00000000d5580000, 0x00000000d5c80000, 0x0000000100000000)
  eden space 2048K, 100% used [0x00000000d5580000,0x00000000d5780000,0x00000000d5780000)
  from space 1024K, 100% used [0x00000000d5b80000,0x00000000d5c80000,0x00000000d5c80000)
  to   space 2560K, 0% used [0x00000000d5780000,0x00000000d5780000,0x00000000d5a00000)
 ParOldGen       total 858624K, used 858194K [0x0000000080000000, 0x00000000b4680000, 0x00000000d5580000)
  object space 858624K, 99% used [0x0000000080000000,0x00000000b46148f0,0x00000000b4680000)
 Metaspace       used 79000K, committed 80768K, reserved 1179648K
  class space    used 8112K, committed 8896K, reserved 1048576K
}
Event: 2571.764 GC heap after
{Heap after GC invocations=2364 (full 4):
 PSYoungGen      total 4608K, used 1504K [0x00000000d5580000, 0x00000000d5c00000, 0x0000000100000000)
  eden space 2048K, 0% used [0x00000000d5580000,0x00000000d5580000,0x00000000d5780000)
  from space 2560K, 58% used [0x00000000d5780000,0x00000000d58f8000,0x00000000d5a00000)
  to   space 2048K, 0% used [0x00000000d5a00000,0x00000000d5a00000,0x00000000d5c00000)
 ParOldGen       total 859136K, used 858770K [0x0000000080000000, 0x00000000b4700000, 0x00000000d5580000)
  object space 859136K, 99% used [0x0000000080000000,0x00000000b46a48f0,0x00000000b4700000)
 Metaspace       used 79000K, committed 80768K, reserved 1179648K
  class space    used 8112K, committed 8896K, reserved 1048576K
}
Event: 2572.097 GC heap before
{Heap before GC invocations=2365 (full 4):
 PSYoungGen      total 4608K, used 3552K [0x00000000d5580000, 0x00000000d5c00000, 0x0000000100000000)
  eden space 2048K, 100% used [0x00000000d5580000,0x00000000d5780000,0x00000000d5780000)
  from space 2560K, 58% used [0x00000000d5780000,0x00000000d58f8000,0x00000000d5a00000)
  to   space 2048K, 0% used [0x00000000d5a00000,0x00000000d5a00000,0x00000000d5c00000)
 ParOldGen       total 922624K, used 920210K [0x0000000080000000, 0x00000000b8500000, 0x00000000d5580000)
  object space 922624K, 99% used [0x0000000080000000,0x00000000b82a4950,0x00000000b8500000)
 Metaspace       used 79011K, committed 80768K, reserved 1179648K
  class space    used 8112K, committed 8896K, reserved 1048576K
}
Event: 2572.104 GC heap after
{Heap after GC invocations=2365 (full 4):
 PSYoungGen      total 2560K, used 224K [0x00000000d5580000, 0x00000000d5a80000, 0x0000000100000000)
  eden space 2048K, 0% used [0x00000000d5580000,0x00000000d5580000,0x00000000d5780000)
  from space 512K, 43% used [0x00000000d5a00000,0x00000000d5a38000,0x00000000d5a80000)
  to   space 1024K, 0% used [0x00000000d5880000,0x00000000d5880000,0x00000000d5980000)
 ParOldGen       total 922624K, used 921574K [0x0000000080000000, 0x00000000b8500000, 0x00000000d5580000)
  object space 922624K, 99% used [0x0000000080000000,0x00000000b83f9960,0x00000000b8500000)
 Metaspace       used 79011K, committed 80768K, reserved 1179648K
  class space    used 8112K, committed 8896K, reserved 1048576K
}
Event: 2594.028 GC heap before
{Heap before GC invocations=2366 (full 4):
 PSYoungGen      total 2560K, used 2258K [0x00000000d5580000, 0x00000000d5a80000, 0x0000000100000000)
  eden space 2048K, 99% used [0x00000000d5580000,0x00000000d577c868,0x00000000d5780000)
  from space 512K, 43% used [0x00000000d5a00000,0x00000000d5a38000,0x00000000d5a80000)
  to   space 1024K, 0% used [0x00000000d5880000,0x00000000d5880000,0x00000000d5980000)
 ParOldGen       total 922624K, used 921574K [0x0000000080000000, 0x00000000b8500000, 0x00000000d5580000)
  object space 922624K, 99% used [0x0000000080000000,0x00000000b83f9960,0x00000000b8500000)
 Metaspace       used 79018K, committed 80768K, reserved 1179648K
  class space    used 8112K, committed 8896K, reserved 1048576K
}
Event: 2594.233 GC heap after
{Heap after GC invocations=2366 (full 4):
 PSYoungGen      total 3072K, used 1005K [0x00000000d5580000, 0x00000000d5a80000, 0x0000000100000000)
  eden space 2048K, 0% used [0x00000000d5580000,0x00000000d5580000,0x00000000d5780000)
  from space 1024K, 98% used [0x00000000d5880000,0x00000000d597b510,0x00000000d5980000)
  to   space 1024K, 0% used [0x00000000d5980000,0x00000000d5980000,0x00000000d5a80000)
 ParOldGen       total 922624K, used 921654K [0x0000000080000000, 0x00000000b8500000, 0x00000000d5580000)
  object space 922624K, 99% used [0x0000000080000000,0x00000000b840d960,0x00000000b8500000)
 Metaspace       used 79018K, committed 80768K, reserved 1179648K
  class space    used 8112K, committed 8896K, reserved 1048576K
}

